-----[begin problem]-----
% In Mathematica format:
Timing[Resolve[Exists[{skoXC1}, And[Pi*Pi*Pi*Pi*Pi*Pi*Pi*Pi==0,Pi*Pi*Pi*Pi*Pi*Pi!=0,Pi*Pi*Pi*Pi!=0,Pi*Pi!=0,Pi!=0,skoXC1*skoXC1*-4>Pi*Pi*-1,Pi*Pi*-1<=0,Pi>0,0<=skoXC1,skoXC1<=1,(31415927/10000000)>Pi,Pi>(15707963/5000000),0<=Pi,skoXC1>0]], Reals]]

% In QepcadB format:
(E pi) (E skoXC1) [[(pi pi pi pi pi pi pi pi)=0]/\[[(pi pi pi pi pi pi) /=0]/\[[(pi pi pi pi) /=0]/\[[(pi pi) /=0]/\[[pi /=0]/\[[(pi pi (-1))<(skoXC1 skoXC1 (-4))]/\[[(pi pi (-1))<=0]/\[[0<pi]/\[[0<=skoXC1]/\[[skoXC1<=1]/\[[pi<31415927/10000000]/\[[15707963/5000000<pi]/\[[0<=pi]/\[0<skoXC1]]]]]]]]]]]]]].

% In SMTLib2 format:
(declare-fun metit_our_pi () Real) (declare-fun skoXC1 () Real) (assert (and (= (* metit_our_pi (* metit_our_pi (* metit_our_pi (* metit_our_pi (* metit_our_pi (* metit_our_pi (* metit_our_pi metit_our_pi))))))) 0.) (and (!= (* metit_our_pi (* metit_our_pi (* metit_our_pi (* metit_our_pi (* metit_our_pi metit_our_pi))))) 0.) (and (!= (* metit_our_pi (* metit_our_pi (* metit_our_pi metit_our_pi))) 0.) (and (!= (* metit_our_pi metit_our_pi) 0.) (and (!= metit_our_pi 0.) (and (> (* skoXC1 (* skoXC1 (- 4.))) (* metit_our_pi (* metit_our_pi (- 1.)))) (and (<= (* metit_our_pi (* metit_our_pi (- 1.))) 0.) (and (> metit_our_pi 0.) (and (<= 0. skoXC1) (and (<= skoXC1 1.) (and (> (/ 31415927. 10000000.) metit_our_pi) (and (> metit_our_pi (/ 15707963. 5000000.)) (and (<= 0. metit_our_pi) (> skoXC1 0.)))))))))))))))

% In GRF format:
(sequent " MetiTarski formula " (antecedent (= (* metit_our_pi (* metit_our_pi (* metit_our_pi (* metit_our_pi (* metit_our_pi (* metit_our_pi (* metit_our_pi metit_our_pi))))))) 0.) (!= (* metit_our_pi (* metit_our_pi (* metit_our_pi (* metit_our_pi (* metit_our_pi metit_our_pi))))) 0.) (!= (* metit_our_pi (* metit_our_pi (* metit_our_pi metit_our_pi))) 0.) (!= (* metit_our_pi metit_our_pi) 0.) (!= metit_our_pi 0.) (> (* skoXC1 (* skoXC1 (- 4.))) (* metit_our_pi (* metit_our_pi (- 1.)))) (<= (* metit_our_pi (* metit_our_pi (- 1.))) 0.) (> metit_our_pi 0.) (<= 0. skoXC1) (<= skoXC1 1.) (> (/ 31415927. 10000000.) metit_our_pi) (> metit_our_pi (/ 15707963. 5000000.)) (<= 0. metit_our_pi)) (succedent (<= skoXC1 0.)))
-----[end problem]-----

-----[begin problem]-----
% In Mathematica format:
Timing[Resolve[Exists[{skoXC1}, And[Pi*Pi*Pi*Pi*Pi*Pi==0,Pi*Pi*Pi*Pi!=0,Pi*Pi!=0,Pi!=0,skoXC1*skoXC1*-4>Pi*Pi*-1,Pi*Pi*-1<=0,Pi>0,0<=skoXC1,skoXC1<=1,(31415927/10000000)>Pi,Pi>(15707963/5000000),0<=Pi,skoXC1>0]], Reals]]

% In QepcadB format:
(E pi) (E skoXC1) [[(pi pi pi pi pi pi)=0]/\[[(pi pi pi pi) /=0]/\[[(pi pi) /=0]/\[[pi /=0]/\[[(pi pi (-1))<(skoXC1 skoXC1 (-4))]/\[[(pi pi (-1))<=0]/\[[0<pi]/\[[0<=skoXC1]/\[[skoXC1<=1]/\[[pi<31415927/10000000]/\[[15707963/5000000<pi]/\[[0<=pi]/\[0<skoXC1]]]]]]]]]]]]].

% In SMTLib2 format:
(declare-fun metit_our_pi () Real) (declare-fun skoXC1 () Real) (assert (and (= (* metit_our_pi (* metit_our_pi (* metit_our_pi (* metit_our_pi (* metit_our_pi metit_our_pi))))) 0.) (and (!= (* metit_our_pi (* metit_our_pi (* metit_our_pi metit_our_pi))) 0.) (and (!= (* metit_our_pi metit_our_pi) 0.) (and (!= metit_our_pi 0.) (and (> (* skoXC1 (* skoXC1 (- 4.))) (* metit_our_pi (* metit_our_pi (- 1.)))) (and (<= (* metit_our_pi (* metit_our_pi (- 1.))) 0.) (and (> metit_our_pi 0.) (and (<= 0. skoXC1) (and (<= skoXC1 1.) (and (> (/ 31415927. 10000000.) metit_our_pi) (and (> metit_our_pi (/ 15707963. 5000000.)) (and (<= 0. metit_our_pi) (> skoXC1 0.))))))))))))))

% In GRF format:
(sequent " MetiTarski formula " (antecedent (= (* metit_our_pi (* metit_our_pi (* metit_our_pi (* metit_our_pi (* metit_our_pi metit_our_pi))))) 0.) (!= (* metit_our_pi (* metit_our_pi (* metit_our_pi metit_our_pi))) 0.) (!= (* metit_our_pi metit_our_pi) 0.) (!= metit_our_pi 0.) (> (* skoXC1 (* skoXC1 (- 4.))) (* metit_our_pi (* metit_our_pi (- 1.)))) (<= (* metit_our_pi (* metit_our_pi (- 1.))) 0.) (> metit_our_pi 0.) (<= 0. skoXC1) (<= skoXC1 1.) (> (/ 31415927. 10000000.) metit_our_pi) (> metit_our_pi (/ 15707963. 5000000.)) (<= 0. metit_our_pi)) (succedent (<= skoXC1 0.)))
-----[end problem]-----

-----[begin problem]-----
% In Mathematica format:
Timing[Resolve[Exists[{skoXC1}, And[Pi*Pi*Pi*Pi==0,Pi*Pi!=0,Pi!=0,skoXC1*skoXC1*-4>Pi*Pi*-1,Pi*Pi*-1<=0,Pi>0,0<=skoXC1,skoXC1<=1,(31415927/10000000)>Pi,Pi>(15707963/5000000),0<=Pi,skoXC1>0]], Reals]]

% In QepcadB format:
(E pi) (E skoXC1) [[(pi pi pi pi)=0]/\[[(pi pi) /=0]/\[[pi /=0]/\[[(pi pi (-1))<(skoXC1 skoXC1 (-4))]/\[[(pi pi (-1))<=0]/\[[0<pi]/\[[0<=skoXC1]/\[[skoXC1<=1]/\[[pi<31415927/10000000]/\[[15707963/5000000<pi]/\[[0<=pi]/\[0<skoXC1]]]]]]]]]]]].

% In SMTLib2 format:
(declare-fun metit_our_pi () Real) (declare-fun skoXC1 () Real) (assert (and (= (* metit_our_pi (* metit_our_pi (* metit_our_pi metit_our_pi))) 0.) (and (!= (* metit_our_pi metit_our_pi) 0.) (and (!= metit_our_pi 0.) (and (> (* skoXC1 (* skoXC1 (- 4.))) (* metit_our_pi (* metit_our_pi (- 1.)))) (and (<= (* metit_our_pi (* metit_our_pi (- 1.))) 0.) (and (> metit_our_pi 0.) (and (<= 0. skoXC1) (and (<= skoXC1 1.) (and (> (/ 31415927. 10000000.) metit_our_pi) (and (> metit_our_pi (/ 15707963. 5000000.)) (and (<= 0. metit_our_pi) (> skoXC1 0.)))))))))))))

% In GRF format:
(sequent " MetiTarski formula " (antecedent (= (* metit_our_pi (* metit_our_pi (* metit_our_pi metit_our_pi))) 0.) (!= (* metit_our_pi metit_our_pi) 0.) (!= metit_our_pi 0.) (> (* skoXC1 (* skoXC1 (- 4.))) (* metit_our_pi (* metit_our_pi (- 1.)))) (<= (* metit_our_pi (* metit_our_pi (- 1.))) 0.) (> metit_our_pi 0.) (<= 0. skoXC1) (<= skoXC1 1.) (> (/ 31415927. 10000000.) metit_our_pi) (> metit_our_pi (/ 15707963. 5000000.)) (<= 0. metit_our_pi)) (succedent (<= skoXC1 0.)))
-----[end problem]-----

-----[begin problem]-----
% In Mathematica format:
Timing[Resolve[Exists[{skoXC1}, And[Pi*Pi==0,Pi!=0,skoXC1*skoXC1*-4>Pi*Pi*-1,Pi*Pi*-1<=0,Pi>0,0<=skoXC1,skoXC1<=1,(31415927/10000000)>Pi,Pi>(15707963/5000000),0<=Pi,skoXC1>0]], Reals]]

% In QepcadB format:
(E pi) (E skoXC1) [[(pi pi)=0]/\[[pi /=0]/\[[(pi pi (-1))<(skoXC1 skoXC1 (-4))]/\[[(pi pi (-1))<=0]/\[[0<pi]/\[[0<=skoXC1]/\[[skoXC1<=1]/\[[pi<31415927/10000000]/\[[15707963/5000000<pi]/\[[0<=pi]/\[0<skoXC1]]]]]]]]]]].

% In SMTLib2 format:
(declare-fun metit_our_pi () Real) (declare-fun skoXC1 () Real) (assert (and (= (* metit_our_pi metit_our_pi) 0.) (and (!= metit_our_pi 0.) (and (> (* skoXC1 (* skoXC1 (- 4.))) (* metit_our_pi (* metit_our_pi (- 1.)))) (and (<= (* metit_our_pi (* metit_our_pi (- 1.))) 0.) (and (> metit_our_pi 0.) (and (<= 0. skoXC1) (and (<= skoXC1 1.) (and (> (/ 31415927. 10000000.) metit_our_pi) (and (> metit_our_pi (/ 15707963. 5000000.)) (and (<= 0. metit_our_pi) (> skoXC1 0.))))))))))))

% In GRF format:
(sequent " MetiTarski formula " (antecedent (= (* metit_our_pi metit_our_pi) 0.) (!= metit_our_pi 0.) (> (* skoXC1 (* skoXC1 (- 4.))) (* metit_our_pi (* metit_our_pi (- 1.)))) (<= (* metit_our_pi (* metit_our_pi (- 1.))) 0.) (> metit_our_pi 0.) (<= 0. skoXC1) (<= skoXC1 1.) (> (/ 31415927. 10000000.) metit_our_pi) (> metit_our_pi (/ 15707963. 5000000.)) (<= 0. metit_our_pi)) (succedent (<= skoXC1 0.)))
-----[end problem]-----

-----[begin problem]-----
% In Mathematica format:
Timing[Resolve[Exists[{skoXC1}, And[skoXC1*Pi*-1<=0,Pi>0,skoXC1*skoXC1*-4>Pi*Pi*-1,Pi*Pi*-1<=0,Pi>0,0<=skoXC1,skoXC1<=1,(31415927/10000000)>Pi,Pi>(15707963/5000000),0<=Pi,skoXC1>0]], Reals]]

% In QepcadB format:
(E pi) (E skoXC1) [[(skoXC1 pi (-1))<=0]/\[[0<pi]/\[[(pi pi (-1))<(skoXC1 skoXC1 (-4))]/\[[(pi pi (-1))<=0]/\[[0<pi]/\[[0<=skoXC1]/\[[skoXC1<=1]/\[[pi<31415927/10000000]/\[[15707963/5000000<pi]/\[[0<=pi]/\[0<skoXC1]]]]]]]]]]].

% In SMTLib2 format:
(declare-fun metit_our_pi () Real) (declare-fun skoXC1 () Real) (assert (and (<= (* skoXC1 (* metit_our_pi (- 1.))) 0.) (and (> metit_our_pi 0.) (and (> (* skoXC1 (* skoXC1 (- 4.))) (* metit_our_pi (* metit_our_pi (- 1.)))) (and (<= (* metit_our_pi (* metit_our_pi (- 1.))) 0.) (and (> metit_our_pi 0.) (and (<= 0. skoXC1) (and (<= skoXC1 1.) (and (> (/ 31415927. 10000000.) metit_our_pi) (and (> metit_our_pi (/ 15707963. 5000000.)) (and (<= 0. metit_our_pi) (> skoXC1 0.))))))))))))

% In GRF format:
(sequent " MetiTarski formula " (antecedent (<= (* skoXC1 (* metit_our_pi (- 1.))) 0.) (> metit_our_pi 0.) (> (* skoXC1 (* skoXC1 (- 4.))) (* metit_our_pi (* metit_our_pi (- 1.)))) (<= (* metit_our_pi (* metit_our_pi (- 1.))) 0.) (> metit_our_pi 0.) (<= 0. skoXC1) (<= skoXC1 1.) (> (/ 31415927. 10000000.) metit_our_pi) (> metit_our_pi (/ 15707963. 5000000.)) (<= 0. metit_our_pi)) (succedent (<= skoXC1 0.)))
-----[end problem]-----

-----[begin problem]-----
% In Mathematica format:
Timing[Resolve[Exists[{skoXC1}, And[skoXC1*Pi*-1<=0,Pi*Pi*Pi*Pi!=0,Pi*Pi!=0,Pi!=0,skoXC1*skoXC1*-4>Pi*Pi*-1,Pi*Pi*-1<=0,Pi>0,0<=skoXC1,skoXC1<=1,(31415927/10000000)>Pi,Pi>(15707963/5000000),0<=Pi,skoXC1>0]], Reals]]

% In QepcadB format:
(E pi) (E skoXC1) [[(skoXC1 pi (-1))<=0]/\[[(pi pi pi pi) /=0]/\[[(pi pi) /=0]/\[[pi /=0]/\[[(pi pi (-1))<(skoXC1 skoXC1 (-4))]/\[[(pi pi (-1))<=0]/\[[0<pi]/\[[0<=skoXC1]/\[[skoXC1<=1]/\[[pi<31415927/10000000]/\[[15707963/5000000<pi]/\[[0<=pi]/\[0<skoXC1]]]]]]]]]]]]].

% In SMTLib2 format:
(declare-fun metit_our_pi () Real) (declare-fun skoXC1 () Real) (assert (and (<= (* skoXC1 (* metit_our_pi (- 1.))) 0.) (and (!= (* metit_our_pi (* metit_our_pi (* metit_our_pi metit_our_pi))) 0.) (and (!= (* metit_our_pi metit_our_pi) 0.) (and (!= metit_our_pi 0.) (and (> (* skoXC1 (* skoXC1 (- 4.))) (* metit_our_pi (* metit_our_pi (- 1.)))) (and (<= (* metit_our_pi (* metit_our_pi (- 1.))) 0.) (and (> metit_our_pi 0.) (and (<= 0. skoXC1) (and (<= skoXC1 1.) (and (> (/ 31415927. 10000000.) metit_our_pi) (and (> metit_our_pi (/ 15707963. 5000000.)) (and (<= 0. metit_our_pi) (> skoXC1 0.))))))))))))))

% In GRF format:
(sequent " MetiTarski formula " (antecedent (<= (* skoXC1 (* metit_our_pi (- 1.))) 0.) (!= (* metit_our_pi (* metit_our_pi (* metit_our_pi metit_our_pi))) 0.) (!= (* metit_our_pi metit_our_pi) 0.) (!= metit_our_pi 0.) (> (* skoXC1 (* skoXC1 (- 4.))) (* metit_our_pi (* metit_our_pi (- 1.)))) (<= (* metit_our_pi (* metit_our_pi (- 1.))) 0.) (> metit_our_pi 0.) (<= 0. skoXC1) (<= skoXC1 1.) (> (/ 31415927. 10000000.) metit_our_pi) (> metit_our_pi (/ 15707963. 5000000.)) (<= 0. metit_our_pi)) (succedent (<= skoXC1 0.)))
-----[end problem]-----

-----[begin problem]-----
% In Mathematica format:
Timing[Resolve[Exists[{skoXC1}, And[skoXC1*Pi*-1<=0,Pi!=0,skoXC1*skoXC1*-4>Pi*Pi*-1,Pi*Pi*-1<=0,Pi>0,0<=skoXC1,skoXC1<=1,(31415927/10000000)>Pi,Pi>(15707963/5000000),0<=Pi,skoXC1>0]], Reals]]

% In QepcadB format:
(E pi) (E skoXC1) [[(skoXC1 pi (-1))<=0]/\[[pi /=0]/\[[(pi pi (-1))<(skoXC1 skoXC1 (-4))]/\[[(pi pi (-1))<=0]/\[[0<pi]/\[[0<=skoXC1]/\[[skoXC1<=1]/\[[pi<31415927/10000000]/\[[15707963/5000000<pi]/\[[0<=pi]/\[0<skoXC1]]]]]]]]]]].

% In SMTLib2 format:
(declare-fun metit_our_pi () Real) (declare-fun skoXC1 () Real) (assert (and (<= (* skoXC1 (* metit_our_pi (- 1.))) 0.) (and (!= metit_our_pi 0.) (and (> (* skoXC1 (* skoXC1 (- 4.))) (* metit_our_pi (* metit_our_pi (- 1.)))) (and (<= (* metit_our_pi (* metit_our_pi (- 1.))) 0.) (and (> metit_our_pi 0.) (and (<= 0. skoXC1) (and (<= skoXC1 1.) (and (> (/ 31415927. 10000000.) metit_our_pi) (and (> metit_our_pi (/ 15707963. 5000000.)) (and (<= 0. metit_our_pi) (> skoXC1 0.))))))))))))

% In GRF format:
(sequent " MetiTarski formula " (antecedent (<= (* skoXC1 (* metit_our_pi (- 1.))) 0.) (!= metit_our_pi 0.) (> (* skoXC1 (* skoXC1 (- 4.))) (* metit_our_pi (* metit_our_pi (- 1.)))) (<= (* metit_our_pi (* metit_our_pi (- 1.))) 0.) (> metit_our_pi 0.) (<= 0. skoXC1) (<= skoXC1 1.) (> (/ 31415927. 10000000.) metit_our_pi) (> metit_our_pi (/ 15707963. 5000000.)) (<= 0. metit_our_pi)) (succedent (<= skoXC1 0.)))
-----[end problem]-----

-----[begin problem]-----
% In Mathematica format:
Timing[Resolve[Exists[{skoXC1}, And[skoXC1*Pi*-1<=0,Pi>0,Pi!=0,skoXC1*skoXC1*-4>Pi*Pi*-1,Pi*Pi*-1<=0,Pi>0,0<=skoXC1,skoXC1<=1,(31415927/10000000)>Pi,Pi>(15707963/5000000),0<=Pi,skoXC1>0]], Reals]]

% In QepcadB format:
(E pi) (E skoXC1) [[(skoXC1 pi (-1))<=0]/\[[0<pi]/\[[pi /=0]/\[[(pi pi (-1))<(skoXC1 skoXC1 (-4))]/\[[(pi pi (-1))<=0]/\[[0<pi]/\[[0<=skoXC1]/\[[skoXC1<=1]/\[[pi<31415927/10000000]/\[[15707963/5000000<pi]/\[[0<=pi]/\[0<skoXC1]]]]]]]]]]]].

% In SMTLib2 format:
(declare-fun metit_our_pi () Real) (declare-fun skoXC1 () Real) (assert (and (<= (* skoXC1 (* metit_our_pi (- 1.))) 0.) (and (> metit_our_pi 0.) (and (!= metit_our_pi 0.) (and (> (* skoXC1 (* skoXC1 (- 4.))) (* metit_our_pi (* metit_our_pi (- 1.)))) (and (<= (* metit_our_pi (* metit_our_pi (- 1.))) 0.) (and (> metit_our_pi 0.) (and (<= 0. skoXC1) (and (<= skoXC1 1.) (and (> (/ 31415927. 10000000.) metit_our_pi) (and (> metit_our_pi (/ 15707963. 5000000.)) (and (<= 0. metit_our_pi) (> skoXC1 0.)))))))))))))

% In GRF format:
(sequent " MetiTarski formula " (antecedent (<= (* skoXC1 (* metit_our_pi (- 1.))) 0.) (> metit_our_pi 0.) (!= metit_our_pi 0.) (> (* skoXC1 (* skoXC1 (- 4.))) (* metit_our_pi (* metit_our_pi (- 1.)))) (<= (* metit_our_pi (* metit_our_pi (- 1.))) 0.) (> metit_our_pi 0.) (<= 0. skoXC1) (<= skoXC1 1.) (> (/ 31415927. 10000000.) metit_our_pi) (> metit_our_pi (/ 15707963. 5000000.)) (<= 0. metit_our_pi)) (succedent (<= skoXC1 0.)))
-----[end problem]-----

-----[begin problem]-----
% In Mathematica format:
Timing[Resolve[Exists[{skoXC1}, And[0<=Pi,Pi!=0,skoXC1*skoXC1*-4>Pi*Pi*-1,Pi*Pi*-1<=0,Pi>0,0<=skoXC1,skoXC1<=1,(31415927/10000000)>Pi,Pi>(15707963/5000000),0<=Pi,skoXC1>0]], Reals]]

% In QepcadB format:
(E pi) (E skoXC1) [[0<=pi]/\[[pi /=0]/\[[(pi pi (-1))<(skoXC1 skoXC1 (-4))]/\[[(pi pi (-1))<=0]/\[[0<pi]/\[[0<=skoXC1]/\[[skoXC1<=1]/\[[pi<31415927/10000000]/\[[15707963/5000000<pi]/\[[0<=pi]/\[0<skoXC1]]]]]]]]]]].

% In SMTLib2 format:
(declare-fun metit_our_pi () Real) (declare-fun skoXC1 () Real) (assert (and (<= 0. metit_our_pi) (and (!= metit_our_pi 0.) (and (> (* skoXC1 (* skoXC1 (- 4.))) (* metit_our_pi (* metit_our_pi (- 1.)))) (and (<= (* metit_our_pi (* metit_our_pi (- 1.))) 0.) (and (> metit_our_pi 0.) (and (<= 0. skoXC1) (and (<= skoXC1 1.) (and (> (/ 31415927. 10000000.) metit_our_pi) (and (> metit_our_pi (/ 15707963. 5000000.)) (and (<= 0. metit_our_pi) (> skoXC1 0.))))))))))))

% In GRF format:
(sequent " MetiTarski formula " (antecedent (<= 0. metit_our_pi) (!= metit_our_pi 0.) (> (* skoXC1 (* skoXC1 (- 4.))) (* metit_our_pi (* metit_our_pi (- 1.)))) (<= (* metit_our_pi (* metit_our_pi (- 1.))) 0.) (> metit_our_pi 0.) (<= 0. skoXC1) (<= skoXC1 1.) (> (/ 31415927. 10000000.) metit_our_pi) (> metit_our_pi (/ 15707963. 5000000.)) (<= 0. metit_our_pi)) (succedent (<= skoXC1 0.)))
-----[end problem]-----

-----[begin problem]-----
% In Mathematica format:
Timing[Resolve[Exists[{skoXC1}, And[skoXC1*Pi*-1<=0,Pi*Pi>0,Pi!=0,skoXC1*skoXC1*-4>Pi*Pi*-1,Pi*Pi*-1<=0,Pi>0,0<=skoXC1,skoXC1<=1,(31415927/10000000)>Pi,Pi>(15707963/5000000),0<=Pi,skoXC1>0]], Reals]]

% In QepcadB format:
(E pi) (E skoXC1) [[(skoXC1 pi (-1))<=0]/\[[0<(pi pi)]/\[[pi /=0]/\[[(pi pi (-1))<(skoXC1 skoXC1 (-4))]/\[[(pi pi (-1))<=0]/\[[0<pi]/\[[0<=skoXC1]/\[[skoXC1<=1]/\[[pi<31415927/10000000]/\[[15707963/5000000<pi]/\[[0<=pi]/\[0<skoXC1]]]]]]]]]]]].

% In SMTLib2 format:
(declare-fun metit_our_pi () Real) (declare-fun skoXC1 () Real) (assert (and (<= (* skoXC1 (* metit_our_pi (- 1.))) 0.) (and (> (* metit_our_pi metit_our_pi) 0.) (and (!= metit_our_pi 0.) (and (> (* skoXC1 (* skoXC1 (- 4.))) (* metit_our_pi (* metit_our_pi (- 1.)))) (and (<= (* metit_our_pi (* metit_our_pi (- 1.))) 0.) (and (> metit_our_pi 0.) (and (<= 0. skoXC1) (and (<= skoXC1 1.) (and (> (/ 31415927. 10000000.) metit_our_pi) (and (> metit_our_pi (/ 15707963. 5000000.)) (and (<= 0. metit_our_pi) (> skoXC1 0.)))))))))))))

% In GRF format:
(sequent " MetiTarski formula " (antecedent (<= (* skoXC1 (* metit_our_pi (- 1.))) 0.) (> (* metit_our_pi metit_our_pi) 0.) (!= metit_our_pi 0.) (> (* skoXC1 (* skoXC1 (- 4.))) (* metit_our_pi (* metit_our_pi (- 1.)))) (<= (* metit_our_pi (* metit_our_pi (- 1.))) 0.) (> metit_our_pi 0.) (<= 0. skoXC1) (<= skoXC1 1.) (> (/ 31415927. 10000000.) metit_our_pi) (> metit_our_pi (/ 15707963. 5000000.)) (<= 0. metit_our_pi)) (succedent (<= skoXC1 0.)))
-----[end problem]-----

-----[begin problem]-----
% In Mathematica format:
Timing[Resolve[Exists[{skoXC1}, And[skoXC1*Pi*-1<=0,skoXC1*skoXC1*4<=Pi*Pi,Pi*Pi>0,skoXC1*skoXC1*-4>Pi*Pi*-1,Pi*Pi*-1<=0,Pi>0,0<=skoXC1,skoXC1<=1,(31415927/10000000)>Pi,Pi>(15707963/5000000),0<=Pi,skoXC1>0]], Reals]]

% In QepcadB format:
(E pi) (E skoXC1) [[(skoXC1 pi (-1))<=0]/\[[(skoXC1 skoXC1 (4))<=(pi pi)]/\[[0<(pi pi)]/\[[(pi pi (-1))<(skoXC1 skoXC1 (-4))]/\[[(pi pi (-1))<=0]/\[[0<pi]/\[[0<=skoXC1]/\[[skoXC1<=1]/\[[pi<31415927/10000000]/\[[15707963/5000000<pi]/\[[0<=pi]/\[0<skoXC1]]]]]]]]]]]].

% In SMTLib2 format:
(declare-fun metit_our_pi () Real) (declare-fun skoXC1 () Real) (assert (and (<= (* skoXC1 (* metit_our_pi (- 1.))) 0.) (and (<= (* skoXC1 (* skoXC1 4.)) (* metit_our_pi metit_our_pi)) (and (> (* metit_our_pi metit_our_pi) 0.) (and (> (* skoXC1 (* skoXC1 (- 4.))) (* metit_our_pi (* metit_our_pi (- 1.)))) (and (<= (* metit_our_pi (* metit_our_pi (- 1.))) 0.) (and (> metit_our_pi 0.) (and (<= 0. skoXC1) (and (<= skoXC1 1.) (and (> (/ 31415927. 10000000.) metit_our_pi) (and (> metit_our_pi (/ 15707963. 5000000.)) (and (<= 0. metit_our_pi) (> skoXC1 0.)))))))))))))

% In GRF format:
(sequent " MetiTarski formula " (antecedent (<= (* skoXC1 (* metit_our_pi (- 1.))) 0.) (<= (* skoXC1 (* skoXC1 4.)) (* metit_our_pi metit_our_pi)) (> (* metit_our_pi metit_our_pi) 0.) (> (* skoXC1 (* skoXC1 (- 4.))) (* metit_our_pi (* metit_our_pi (- 1.)))) (<= (* metit_our_pi (* metit_our_pi (- 1.))) 0.) (> metit_our_pi 0.) (<= 0. skoXC1) (<= skoXC1 1.) (> (/ 31415927. 10000000.) metit_our_pi) (> metit_our_pi (/ 15707963. 5000000.)) (<= 0. metit_our_pi)) (succedent (<= skoXC1 0.)))
-----[end problem]-----

-----[begin problem]-----
% In Mathematica format:
Timing[Resolve[Exists[{skoXC1}, And[skoXC1*Pi*-1<=0,Pi*(1/2)>skoXC1,Pi>0,skoXC1*skoXC1*-4>Pi*Pi*-1,Pi*Pi*-1<=0,Pi>0,0<=skoXC1,skoXC1<=1,(31415927/10000000)>Pi,Pi>(15707963/5000000),0<=Pi,skoXC1>0]], Reals]]

% In QepcadB format:
(E pi) (E skoXC1) [[(skoXC1 pi (-1))<=0]/\[[skoXC1<(pi (1/2))]/\[[0<pi]/\[[(pi pi (-1))<(skoXC1 skoXC1 (-4))]/\[[(pi pi (-1))<=0]/\[[0<pi]/\[[0<=skoXC1]/\[[skoXC1<=1]/\[[pi<31415927/10000000]/\[[15707963/5000000<pi]/\[[0<=pi]/\[0<skoXC1]]]]]]]]]]]].

% In SMTLib2 format:
(declare-fun metit_our_pi () Real) (declare-fun skoXC1 () Real) (assert (and (<= (* skoXC1 (* metit_our_pi (- 1.))) 0.) (and (> (* metit_our_pi (/ 1. 2.)) skoXC1) (and (> metit_our_pi 0.) (and (> (* skoXC1 (* skoXC1 (- 4.))) (* metit_our_pi (* metit_our_pi (- 1.)))) (and (<= (* metit_our_pi (* metit_our_pi (- 1.))) 0.) (and (> metit_our_pi 0.) (and (<= 0. skoXC1) (and (<= skoXC1 1.) (and (> (/ 31415927. 10000000.) metit_our_pi) (and (> metit_our_pi (/ 15707963. 5000000.)) (and (<= 0. metit_our_pi) (> skoXC1 0.)))))))))))))

% In GRF format:
(sequent " MetiTarski formula " (antecedent (<= (* skoXC1 (* metit_our_pi (- 1.))) 0.) (> (* metit_our_pi (/ 1. 2.)) skoXC1) (> metit_our_pi 0.) (> (* skoXC1 (* skoXC1 (- 4.))) (* metit_our_pi (* metit_our_pi (- 1.)))) (<= (* metit_our_pi (* metit_our_pi (- 1.))) 0.) (> metit_our_pi 0.) (<= 0. skoXC1) (<= skoXC1 1.) (> (/ 31415927. 10000000.) metit_our_pi) (> metit_our_pi (/ 15707963. 5000000.)) (<= 0. metit_our_pi)) (succedent (<= skoXC1 0.)))
-----[end problem]-----

-----[begin problem]-----
% In Mathematica format:
Timing[Resolve[Exists[{skoXC1}, And[0<=skoXC1,skoXC1*Pi*-1<=0,Pi>0,skoXC1*skoXC1*-4>Pi*Pi*-1,Pi*Pi*-1<=0,Pi>0,0<=skoXC1,skoXC1<=1,(31415927/10000000)>Pi,Pi>(15707963/5000000),0<=Pi,skoXC1>0]], Reals]]

% In QepcadB format:
(E pi) (E skoXC1) [[0<=skoXC1]/\[[(skoXC1 pi (-1))<=0]/\[[0<pi]/\[[(pi pi (-1))<(skoXC1 skoXC1 (-4))]/\[[(pi pi (-1))<=0]/\[[0<pi]/\[[0<=skoXC1]/\[[skoXC1<=1]/\[[pi<31415927/10000000]/\[[15707963/5000000<pi]/\[[0<=pi]/\[0<skoXC1]]]]]]]]]]]].

% In SMTLib2 format:
(declare-fun metit_our_pi () Real) (declare-fun skoXC1 () Real) (assert (and (<= 0. skoXC1) (and (<= (* skoXC1 (* metit_our_pi (- 1.))) 0.) (and (> metit_our_pi 0.) (and (> (* skoXC1 (* skoXC1 (- 4.))) (* metit_our_pi (* metit_our_pi (- 1.)))) (and (<= (* metit_our_pi (* metit_our_pi (- 1.))) 0.) (and (> metit_our_pi 0.) (and (<= 0. skoXC1) (and (<= skoXC1 1.) (and (> (/ 31415927. 10000000.) metit_our_pi) (and (> metit_our_pi (/ 15707963. 5000000.)) (and (<= 0. metit_our_pi) (> skoXC1 0.)))))))))))))

% In GRF format:
(sequent " MetiTarski formula " (antecedent (<= 0. skoXC1) (<= (* skoXC1 (* metit_our_pi (- 1.))) 0.) (> metit_our_pi 0.) (> (* skoXC1 (* skoXC1 (- 4.))) (* metit_our_pi (* metit_our_pi (- 1.)))) (<= (* metit_our_pi (* metit_our_pi (- 1.))) 0.) (> metit_our_pi 0.) (<= 0. skoXC1) (<= skoXC1 1.) (> (/ 31415927. 10000000.) metit_our_pi) (> metit_our_pi (/ 15707963. 5000000.)) (<= 0. metit_our_pi)) (succedent (<= skoXC1 0.)))
-----[end problem]-----

-----[begin problem]-----
% In Mathematica format:
Timing[Resolve[Exists[{skoXC1}, And[Pi<=0,Pi!=0,skoXC1*Pi*-1<=0,skoXC1*skoXC1*-4>Pi*Pi*-1,Pi*Pi*-1<=0,Pi>0,0<=skoXC1,skoXC1<=1,(31415927/10000000)>Pi,Pi>(15707963/5000000),0<=Pi,skoXC1>0]], Reals]]

% In QepcadB format:
(E pi) (E skoXC1) [[pi<=0]/\[[pi /=0]/\[[(skoXC1 pi (-1))<=0]/\[[(pi pi (-1))<(skoXC1 skoXC1 (-4))]/\[[(pi pi (-1))<=0]/\[[0<pi]/\[[0<=skoXC1]/\[[skoXC1<=1]/\[[pi<31415927/10000000]/\[[15707963/5000000<pi]/\[[0<=pi]/\[0<skoXC1]]]]]]]]]]]].

% In SMTLib2 format:
(declare-fun metit_our_pi () Real) (declare-fun skoXC1 () Real) (assert (and (<= metit_our_pi 0.) (and (!= metit_our_pi 0.) (and (<= (* skoXC1 (* metit_our_pi (- 1.))) 0.) (and (> (* skoXC1 (* skoXC1 (- 4.))) (* metit_our_pi (* metit_our_pi (- 1.)))) (and (<= (* metit_our_pi (* metit_our_pi (- 1.))) 0.) (and (> metit_our_pi 0.) (and (<= 0. skoXC1) (and (<= skoXC1 1.) (and (> (/ 31415927. 10000000.) metit_our_pi) (and (> metit_our_pi (/ 15707963. 5000000.)) (and (<= 0. metit_our_pi) (> skoXC1 0.)))))))))))))

% In GRF format:
(sequent " MetiTarski formula " (antecedent (<= metit_our_pi 0.) (!= metit_our_pi 0.) (<= (* skoXC1 (* metit_our_pi (- 1.))) 0.) (> (* skoXC1 (* skoXC1 (- 4.))) (* metit_our_pi (* metit_our_pi (- 1.)))) (<= (* metit_our_pi (* metit_our_pi (- 1.))) 0.) (> metit_our_pi 0.) (<= 0. skoXC1) (<= skoXC1 1.) (> (/ 31415927. 10000000.) metit_our_pi) (> metit_our_pi (/ 15707963. 5000000.)) (<= 0. metit_our_pi)) (succedent (<= skoXC1 0.)))
-----[end problem]-----

-----[begin problem]-----
% In Mathematica format:
Timing[Resolve[Exists[{skoXC1}, And[0<=Pi,Pi!=0,skoXC1*Pi*-1<=0,skoXC1*skoXC1*-4>Pi*Pi*-1,Pi*Pi*-1<=0,Pi>0,0<=skoXC1,skoXC1<=1,(31415927/10000000)>Pi,Pi>(15707963/5000000),0<=Pi,skoXC1>0]], Reals]]

% In QepcadB format:
(E pi) (E skoXC1) [[0<=pi]/\[[pi /=0]/\[[(skoXC1 pi (-1))<=0]/\[[(pi pi (-1))<(skoXC1 skoXC1 (-4))]/\[[(pi pi (-1))<=0]/\[[0<pi]/\[[0<=skoXC1]/\[[skoXC1<=1]/\[[pi<31415927/10000000]/\[[15707963/5000000<pi]/\[[0<=pi]/\[0<skoXC1]]]]]]]]]]]].

% In SMTLib2 format:
(declare-fun metit_our_pi () Real) (declare-fun skoXC1 () Real) (assert (and (<= 0. metit_our_pi) (and (!= metit_our_pi 0.) (and (<= (* skoXC1 (* metit_our_pi (- 1.))) 0.) (and (> (* skoXC1 (* skoXC1 (- 4.))) (* metit_our_pi (* metit_our_pi (- 1.)))) (and (<= (* metit_our_pi (* metit_our_pi (- 1.))) 0.) (and (> metit_our_pi 0.) (and (<= 0. skoXC1) (and (<= skoXC1 1.) (and (> (/ 31415927. 10000000.) metit_our_pi) (and (> metit_our_pi (/ 15707963. 5000000.)) (and (<= 0. metit_our_pi) (> skoXC1 0.)))))))))))))

% In GRF format:
(sequent " MetiTarski formula " (antecedent (<= 0. metit_our_pi) (!= metit_our_pi 0.) (<= (* skoXC1 (* metit_our_pi (- 1.))) 0.) (> (* skoXC1 (* skoXC1 (- 4.))) (* metit_our_pi (* metit_our_pi (- 1.)))) (<= (* metit_our_pi (* metit_our_pi (- 1.))) 0.) (> metit_our_pi 0.) (<= 0. skoXC1) (<= skoXC1 1.) (> (/ 31415927. 10000000.) metit_our_pi) (> metit_our_pi (/ 15707963. 5000000.)) (<= 0. metit_our_pi)) (succedent (<= skoXC1 0.)))
-----[end problem]-----

-----[begin problem]-----
% In Mathematica format:
Timing[Resolve[Exists[{skoXC1}, And[Pi*Pi*-1<=0,Pi!=0,skoXC1*Pi*-1<=0,skoXC1*skoXC1*-4>Pi*Pi*-1,Pi*Pi*-1<=0,Pi>0,0<=skoXC1,skoXC1<=1,(31415927/10000000)>Pi,Pi>(15707963/5000000),0<=Pi,skoXC1>0]], Reals]]

% In QepcadB format:
(E pi) (E skoXC1) [[(pi pi (-1))<=0]/\[[pi /=0]/\[[(skoXC1 pi (-1))<=0]/\[[(pi pi (-1))<(skoXC1 skoXC1 (-4))]/\[[(pi pi (-1))<=0]/\[[0<pi]/\[[0<=skoXC1]/\[[skoXC1<=1]/\[[pi<31415927/10000000]/\[[15707963/5000000<pi]/\[[0<=pi]/\[0<skoXC1]]]]]]]]]]]].

% In SMTLib2 format:
(declare-fun metit_our_pi () Real) (declare-fun skoXC1 () Real) (assert (and (<= (* metit_our_pi (* metit_our_pi (- 1.))) 0.) (and (!= metit_our_pi 0.) (and (<= (* skoXC1 (* metit_our_pi (- 1.))) 0.) (and (> (* skoXC1 (* skoXC1 (- 4.))) (* metit_our_pi (* metit_our_pi (- 1.)))) (and (<= (* metit_our_pi (* metit_our_pi (- 1.))) 0.) (and (> metit_our_pi 0.) (and (<= 0. skoXC1) (and (<= skoXC1 1.) (and (> (/ 31415927. 10000000.) metit_our_pi) (and (> metit_our_pi (/ 15707963. 5000000.)) (and (<= 0. metit_our_pi) (> skoXC1 0.)))))))))))))

% In GRF format:
(sequent " MetiTarski formula " (antecedent (<= (* metit_our_pi (* metit_our_pi (- 1.))) 0.) (!= metit_our_pi 0.) (<= (* skoXC1 (* metit_our_pi (- 1.))) 0.) (> (* skoXC1 (* skoXC1 (- 4.))) (* metit_our_pi (* metit_our_pi (- 1.)))) (<= (* metit_our_pi (* metit_our_pi (- 1.))) 0.) (> metit_our_pi 0.) (<= 0. skoXC1) (<= skoXC1 1.) (> (/ 31415927. 10000000.) metit_our_pi) (> metit_our_pi (/ 15707963. 5000000.)) (<= 0. metit_our_pi)) (succedent (<= skoXC1 0.)))
-----[end problem]-----

-----[begin problem]-----
% In Mathematica format:
Timing[Resolve[Exists[{skoXC1}, And[Pi*Pi>0,skoXC1*skoXC1*4>Pi*(-2+Pi),Pi!=0,skoXC1*Pi*-1<=0,skoXC1*skoXC1*-4>Pi*Pi*-1,Pi*Pi*-1<=0,Pi>0,0<=skoXC1,skoXC1<=1,(31415927/10000000)>Pi,Pi>(15707963/5000000),0<=Pi,skoXC1>0]], Reals]]

% In QepcadB format:
(E pi) (E skoXC1) [[0<(pi pi)]/\[[(pi (-2+pi))<(skoXC1 skoXC1 (4))]/\[[pi /=0]/\[[(skoXC1 pi (-1))<=0]/\[[(pi pi (-1))<(skoXC1 skoXC1 (-4))]/\[[(pi pi (-1))<=0]/\[[0<pi]/\[[0<=skoXC1]/\[[skoXC1<=1]/\[[pi<31415927/10000000]/\[[15707963/5000000<pi]/\[[0<=pi]/\[0<skoXC1]]]]]]]]]]]]].

% In SMTLib2 format:
(declare-fun metit_our_pi () Real) (declare-fun skoXC1 () Real) (assert (and (> (* metit_our_pi metit_our_pi) 0.) (and (> (* skoXC1 (* skoXC1 4.)) (* metit_our_pi (+ (- 2.) metit_our_pi))) (and (!= metit_our_pi 0.) (and (<= (* skoXC1 (* metit_our_pi (- 1.))) 0.) (and (> (* skoXC1 (* skoXC1 (- 4.))) (* metit_our_pi (* metit_our_pi (- 1.)))) (and (<= (* metit_our_pi (* metit_our_pi (- 1.))) 0.) (and (> metit_our_pi 0.) (and (<= 0. skoXC1) (and (<= skoXC1 1.) (and (> (/ 31415927. 10000000.) metit_our_pi) (and (> metit_our_pi (/ 15707963. 5000000.)) (and (<= 0. metit_our_pi) (> skoXC1 0.))))))))))))))

% In GRF format:
(sequent " MetiTarski formula " (antecedent (> (* metit_our_pi metit_our_pi) 0.) (> (* skoXC1 (* skoXC1 4.)) (* metit_our_pi (+ (- 2.) metit_our_pi))) (!= metit_our_pi 0.) (<= (* skoXC1 (* metit_our_pi (- 1.))) 0.) (> (* skoXC1 (* skoXC1 (- 4.))) (* metit_our_pi (* metit_our_pi (- 1.)))) (<= (* metit_our_pi (* metit_our_pi (- 1.))) 0.) (> metit_our_pi 0.) (<= 0. skoXC1) (<= skoXC1 1.) (> (/ 31415927. 10000000.) metit_our_pi) (> metit_our_pi (/ 15707963. 5000000.)) (<= 0. metit_our_pi)) (succedent (<= skoXC1 0.)))
-----[end problem]-----

-----[begin problem]-----
% In Mathematica format:
Timing[Resolve[Exists[{skoXC1}, And[Pi*Pi<=0,skoXC1*skoXC1*4<=Pi*(-2+Pi),Pi!=0,skoXC1*Pi*-1<=0,skoXC1*skoXC1*-4>Pi*Pi*-1,Pi*Pi*-1<=0,Pi>0,0<=skoXC1,skoXC1<=1,(31415927/10000000)>Pi,Pi>(15707963/5000000),0<=Pi,skoXC1>0]], Reals]]

% In QepcadB format:
(E pi) (E skoXC1) [[(pi pi)<=0]/\[[(skoXC1 skoXC1 (4))<=(pi (-2+pi))]/\[[pi /=0]/\[[(skoXC1 pi (-1))<=0]/\[[(pi pi (-1))<(skoXC1 skoXC1 (-4))]/\[[(pi pi (-1))<=0]/\[[0<pi]/\[[0<=skoXC1]/\[[skoXC1<=1]/\[[pi<31415927/10000000]/\[[15707963/5000000<pi]/\[[0<=pi]/\[0<skoXC1]]]]]]]]]]]]].

% In SMTLib2 format:
(declare-fun metit_our_pi () Real) (declare-fun skoXC1 () Real) (assert (and (<= (* metit_our_pi metit_our_pi) 0.) (and (<= (* skoXC1 (* skoXC1 4.)) (* metit_our_pi (+ (- 2.) metit_our_pi))) (and (!= metit_our_pi 0.) (and (<= (* skoXC1 (* metit_our_pi (- 1.))) 0.) (and (> (* skoXC1 (* skoXC1 (- 4.))) (* metit_our_pi (* metit_our_pi (- 1.)))) (and (<= (* metit_our_pi (* metit_our_pi (- 1.))) 0.) (and (> metit_our_pi 0.) (and (<= 0. skoXC1) (and (<= skoXC1 1.) (and (> (/ 31415927. 10000000.) metit_our_pi) (and (> metit_our_pi (/ 15707963. 5000000.)) (and (<= 0. metit_our_pi) (> skoXC1 0.))))))))))))))

% In GRF format:
(sequent " MetiTarski formula " (antecedent (<= (* metit_our_pi metit_our_pi) 0.) (<= (* skoXC1 (* skoXC1 4.)) (* metit_our_pi (+ (- 2.) metit_our_pi))) (!= metit_our_pi 0.) (<= (* skoXC1 (* metit_our_pi (- 1.))) 0.) (> (* skoXC1 (* skoXC1 (- 4.))) (* metit_our_pi (* metit_our_pi (- 1.)))) (<= (* metit_our_pi (* metit_our_pi (- 1.))) 0.) (> metit_our_pi 0.) (<= 0. skoXC1) (<= skoXC1 1.) (> (/ 31415927. 10000000.) metit_our_pi) (> metit_our_pi (/ 15707963. 5000000.)) (<= 0. metit_our_pi)) (succedent (<= skoXC1 0.)))
-----[end problem]-----

-----[begin problem]-----
% In Mathematica format:
Timing[Resolve[Exists[{skoXC1}, And[skoXC1*skoXC1*4<=Pi*(-2+Pi),Pi==0,skoXC1*Pi*-1<=0,skoXC1*skoXC1*-4>Pi*Pi*-1,Pi*Pi*-1<=0,Pi>0,0<=skoXC1,skoXC1<=1,(31415927/10000000)>Pi,Pi>(15707963/5000000),0<=Pi,skoXC1>0]], Reals]]

% In QepcadB format:
(E pi) (E skoXC1) [[(skoXC1 skoXC1 (4))<=(pi (-2+pi))]/\[[pi=0]/\[[(skoXC1 pi (-1))<=0]/\[[(pi pi (-1))<(skoXC1 skoXC1 (-4))]/\[[(pi pi (-1))<=0]/\[[0<pi]/\[[0<=skoXC1]/\[[skoXC1<=1]/\[[pi<31415927/10000000]/\[[15707963/5000000<pi]/\[[0<=pi]/\[0<skoXC1]]]]]]]]]]]].

% In SMTLib2 format:
(declare-fun metit_our_pi () Real) (declare-fun skoXC1 () Real) (assert (and (<= (* skoXC1 (* skoXC1 4.)) (* metit_our_pi (+ (- 2.) metit_our_pi))) (and (= metit_our_pi 0.) (and (<= (* skoXC1 (* metit_our_pi (- 1.))) 0.) (and (> (* skoXC1 (* skoXC1 (- 4.))) (* metit_our_pi (* metit_our_pi (- 1.)))) (and (<= (* metit_our_pi (* metit_our_pi (- 1.))) 0.) (and (> metit_our_pi 0.) (and (<= 0. skoXC1) (and (<= skoXC1 1.) (and (> (/ 31415927. 10000000.) metit_our_pi) (and (> metit_our_pi (/ 15707963. 5000000.)) (and (<= 0. metit_our_pi) (> skoXC1 0.)))))))))))))

% In GRF format:
(sequent " MetiTarski formula " (antecedent (<= (* skoXC1 (* skoXC1 4.)) (* metit_our_pi (+ (- 2.) metit_our_pi))) (= metit_our_pi 0.) (<= (* skoXC1 (* metit_our_pi (- 1.))) 0.) (> (* skoXC1 (* skoXC1 (- 4.))) (* metit_our_pi (* metit_our_pi (- 1.)))) (<= (* metit_our_pi (* metit_our_pi (- 1.))) 0.) (> metit_our_pi 0.) (<= 0. skoXC1) (<= skoXC1 1.) (> (/ 31415927. 10000000.) metit_our_pi) (> metit_our_pi (/ 15707963. 5000000.)) (<= 0. metit_our_pi)) (succedent (<= skoXC1 0.)))
-----[end problem]-----

-----[begin problem]-----
% In Mathematica format:
Timing[Resolve[Exists[{skoXC1}, And[Pi*Pi*-1<=0,skoXC1*Pi*-1<=0,skoXC1*skoXC1*-4>Pi*Pi*-1,Pi*Pi*-1<=0,Pi>0,0<=skoXC1,skoXC1<=1,(31415927/10000000)>Pi,Pi>(15707963/5000000),0<=Pi,skoXC1>0]], Reals]]

% In QepcadB format:
(E pi) (E skoXC1) [[(pi pi (-1))<=0]/\[[(skoXC1 pi (-1))<=0]/\[[(pi pi (-1))<(skoXC1 skoXC1 (-4))]/\[[(pi pi (-1))<=0]/\[[0<pi]/\[[0<=skoXC1]/\[[skoXC1<=1]/\[[pi<31415927/10000000]/\[[15707963/5000000<pi]/\[[0<=pi]/\[0<skoXC1]]]]]]]]]]].

% In SMTLib2 format:
(declare-fun metit_our_pi () Real) (declare-fun skoXC1 () Real) (assert (and (<= (* metit_our_pi (* metit_our_pi (- 1.))) 0.) (and (<= (* skoXC1 (* metit_our_pi (- 1.))) 0.) (and (> (* skoXC1 (* skoXC1 (- 4.))) (* metit_our_pi (* metit_our_pi (- 1.)))) (and (<= (* metit_our_pi (* metit_our_pi (- 1.))) 0.) (and (> metit_our_pi 0.) (and (<= 0. skoXC1) (and (<= skoXC1 1.) (and (> (/ 31415927. 10000000.) metit_our_pi) (and (> metit_our_pi (/ 15707963. 5000000.)) (and (<= 0. metit_our_pi) (> skoXC1 0.))))))))))))

% In GRF format:
(sequent " MetiTarski formula " (antecedent (<= (* metit_our_pi (* metit_our_pi (- 1.))) 0.) (<= (* skoXC1 (* metit_our_pi (- 1.))) 0.) (> (* skoXC1 (* skoXC1 (- 4.))) (* metit_our_pi (* metit_our_pi (- 1.)))) (<= (* metit_our_pi (* metit_our_pi (- 1.))) 0.) (> metit_our_pi 0.) (<= 0. skoXC1) (<= skoXC1 1.) (> (/ 31415927. 10000000.) metit_our_pi) (> metit_our_pi (/ 15707963. 5000000.)) (<= 0. metit_our_pi)) (succedent (<= skoXC1 0.)))
-----[end problem]-----

-----[begin problem]-----
% In Mathematica format:
Timing[Resolve[Exists[{skoXC1}, And[skoXC1*skoXC1*4<=Pi*Pi,Pi*Pi>0,skoXC1*skoXC1*4>Pi*(-2+Pi),skoXC1*Pi*-1<=0,skoXC1*skoXC1*-4>Pi*Pi*-1,Pi*Pi*-1<=0,Pi>0,0<=skoXC1,skoXC1<=1,(31415927/10000000)>Pi,Pi>(15707963/5000000),0<=Pi,skoXC1>0]], Reals]]

% In QepcadB format:
(E pi) (E skoXC1) [[(skoXC1 skoXC1 (4))<=(pi pi)]/\[[0<(pi pi)]/\[[(pi (-2+pi))<(skoXC1 skoXC1 (4))]/\[[(skoXC1 pi (-1))<=0]/\[[(pi pi (-1))<(skoXC1 skoXC1 (-4))]/\[[(pi pi (-1))<=0]/\[[0<pi]/\[[0<=skoXC1]/\[[skoXC1<=1]/\[[pi<31415927/10000000]/\[[15707963/5000000<pi]/\[[0<=pi]/\[0<skoXC1]]]]]]]]]]]]].

% In SMTLib2 format:
(declare-fun metit_our_pi () Real) (declare-fun skoXC1 () Real) (assert (and (<= (* skoXC1 (* skoXC1 4.)) (* metit_our_pi metit_our_pi)) (and (> (* metit_our_pi metit_our_pi) 0.) (and (> (* skoXC1 (* skoXC1 4.)) (* metit_our_pi (+ (- 2.) metit_our_pi))) (and (<= (* skoXC1 (* metit_our_pi (- 1.))) 0.) (and (> (* skoXC1 (* skoXC1 (- 4.))) (* metit_our_pi (* metit_our_pi (- 1.)))) (and (<= (* metit_our_pi (* metit_our_pi (- 1.))) 0.) (and (> metit_our_pi 0.) (and (<= 0. skoXC1) (and (<= skoXC1 1.) (and (> (/ 31415927. 10000000.) metit_our_pi) (and (> metit_our_pi (/ 15707963. 5000000.)) (and (<= 0. metit_our_pi) (> skoXC1 0.))))))))))))))

% In GRF format:
(sequent " MetiTarski formula " (antecedent (<= (* skoXC1 (* skoXC1 4.)) (* metit_our_pi metit_our_pi)) (> (* metit_our_pi metit_our_pi) 0.) (> (* skoXC1 (* skoXC1 4.)) (* metit_our_pi (+ (- 2.) metit_our_pi))) (<= (* skoXC1 (* metit_our_pi (- 1.))) 0.) (> (* skoXC1 (* skoXC1 (- 4.))) (* metit_our_pi (* metit_our_pi (- 1.)))) (<= (* metit_our_pi (* metit_our_pi (- 1.))) 0.) (> metit_our_pi 0.) (<= 0. skoXC1) (<= skoXC1 1.) (> (/ 31415927. 10000000.) metit_our_pi) (> metit_our_pi (/ 15707963. 5000000.)) (<= 0. metit_our_pi)) (succedent (<= skoXC1 0.)))
-----[end problem]-----

-----[begin problem]-----
% In Mathematica format:
Timing[Resolve[Exists[{skoXC1}, And[Pi*Pi<=0,skoXC1*skoXC1*4<=Pi*(-2+Pi),skoXC1*Pi*-1<=0,skoXC1*skoXC1*-4>Pi*Pi*-1,Pi*Pi*-1<=0,Pi>0,0<=skoXC1,skoXC1<=1,(31415927/10000000)>Pi,Pi>(15707963/5000000),0<=Pi,skoXC1>0]], Reals]]

% In QepcadB format:
(E pi) (E skoXC1) [[(pi pi)<=0]/\[[(skoXC1 skoXC1 (4))<=(pi (-2+pi))]/\[[(skoXC1 pi (-1))<=0]/\[[(pi pi (-1))<(skoXC1 skoXC1 (-4))]/\[[(pi pi (-1))<=0]/\[[0<pi]/\[[0<=skoXC1]/\[[skoXC1<=1]/\[[pi<31415927/10000000]/\[[15707963/5000000<pi]/\[[0<=pi]/\[0<skoXC1]]]]]]]]]]]].

% In SMTLib2 format:
(declare-fun metit_our_pi () Real) (declare-fun skoXC1 () Real) (assert (and (<= (* metit_our_pi metit_our_pi) 0.) (and (<= (* skoXC1 (* skoXC1 4.)) (* metit_our_pi (+ (- 2.) metit_our_pi))) (and (<= (* skoXC1 (* metit_our_pi (- 1.))) 0.) (and (> (* skoXC1 (* skoXC1 (- 4.))) (* metit_our_pi (* metit_our_pi (- 1.)))) (and (<= (* metit_our_pi (* metit_our_pi (- 1.))) 0.) (and (> metit_our_pi 0.) (and (<= 0. skoXC1) (and (<= skoXC1 1.) (and (> (/ 31415927. 10000000.) metit_our_pi) (and (> metit_our_pi (/ 15707963. 5000000.)) (and (<= 0. metit_our_pi) (> skoXC1 0.)))))))))))))

% In GRF format:
(sequent " MetiTarski formula " (antecedent (<= (* metit_our_pi metit_our_pi) 0.) (<= (* skoXC1 (* skoXC1 4.)) (* metit_our_pi (+ (- 2.) metit_our_pi))) (<= (* skoXC1 (* metit_our_pi (- 1.))) 0.) (> (* skoXC1 (* skoXC1 (- 4.))) (* metit_our_pi (* metit_our_pi (- 1.)))) (<= (* metit_our_pi (* metit_our_pi (- 1.))) 0.) (> metit_our_pi 0.) (<= 0. skoXC1) (<= skoXC1 1.) (> (/ 31415927. 10000000.) metit_our_pi) (> metit_our_pi (/ 15707963. 5000000.)) (<= 0. metit_our_pi)) (succedent (<= skoXC1 0.)))
-----[end problem]-----

-----[begin problem]-----
% In Mathematica format:
Timing[Resolve[Exists[{skoXC1}, And[skoXC1*skoXC1*-4<=0,Pi*Pi>0,skoXC1*skoXC1*4>Pi*(-2+Pi),skoXC1*Pi*-1<=0,skoXC1*skoXC1*-4>Pi*Pi*-1,Pi*Pi*-1<=0,Pi>0,0<=skoXC1,skoXC1<=1,(31415927/10000000)>Pi,Pi>(15707963/5000000),0<=Pi,skoXC1>0]], Reals]]

% In QepcadB format:
(E pi) (E skoXC1) [[(skoXC1 skoXC1 (-4))<=0]/\[[0<(pi pi)]/\[[(pi (-2+pi))<(skoXC1 skoXC1 (4))]/\[[(skoXC1 pi (-1))<=0]/\[[(pi pi (-1))<(skoXC1 skoXC1 (-4))]/\[[(pi pi (-1))<=0]/\[[0<pi]/\[[0<=skoXC1]/\[[skoXC1<=1]/\[[pi<31415927/10000000]/\[[15707963/5000000<pi]/\[[0<=pi]/\[0<skoXC1]]]]]]]]]]]]].

% In SMTLib2 format:
(declare-fun metit_our_pi () Real) (declare-fun skoXC1 () Real) (assert (and (<= (* skoXC1 (* skoXC1 (- 4.))) 0.) (and (> (* metit_our_pi metit_our_pi) 0.) (and (> (* skoXC1 (* skoXC1 4.)) (* metit_our_pi (+ (- 2.) metit_our_pi))) (and (<= (* skoXC1 (* metit_our_pi (- 1.))) 0.) (and (> (* skoXC1 (* skoXC1 (- 4.))) (* metit_our_pi (* metit_our_pi (- 1.)))) (and (<= (* metit_our_pi (* metit_our_pi (- 1.))) 0.) (and (> metit_our_pi 0.) (and (<= 0. skoXC1) (and (<= skoXC1 1.) (and (> (/ 31415927. 10000000.) metit_our_pi) (and (> metit_our_pi (/ 15707963. 5000000.)) (and (<= 0. metit_our_pi) (> skoXC1 0.))))))))))))))

% In GRF format:
(sequent " MetiTarski formula " (antecedent (<= (* skoXC1 (* skoXC1 (- 4.))) 0.) (> (* metit_our_pi metit_our_pi) 0.) (> (* skoXC1 (* skoXC1 4.)) (* metit_our_pi (+ (- 2.) metit_our_pi))) (<= (* skoXC1 (* metit_our_pi (- 1.))) 0.) (> (* skoXC1 (* skoXC1 (- 4.))) (* metit_our_pi (* metit_our_pi (- 1.)))) (<= (* metit_our_pi (* metit_our_pi (- 1.))) 0.) (> metit_our_pi 0.) (<= 0. skoXC1) (<= skoXC1 1.) (> (/ 31415927. 10000000.) metit_our_pi) (> metit_our_pi (/ 15707963. 5000000.)) (<= 0. metit_our_pi)) (succedent (<= skoXC1 0.)))
-----[end problem]-----

-----[begin problem]-----
% In Mathematica format:
Timing[Resolve[Exists[{skoXC1}, And[Pi*(1/2)>skoXC1,skoXC1*skoXC1*4>Pi*(-2+Pi),Pi>0,skoXC1*Pi*-1<=0,skoXC1*skoXC1*-4>Pi*Pi*-1,Pi*Pi*-1<=0,Pi>0,0<=skoXC1,skoXC1<=1,(31415927/10000000)>Pi,Pi>(15707963/5000000),0<=Pi,skoXC1>0]], Reals]]

% In QepcadB format:
(E pi) (E skoXC1) [[skoXC1<(pi (1/2))]/\[[(pi (-2+pi))<(skoXC1 skoXC1 (4))]/\[[0<pi]/\[[(skoXC1 pi (-1))<=0]/\[[(pi pi (-1))<(skoXC1 skoXC1 (-4))]/\[[(pi pi (-1))<=0]/\[[0<pi]/\[[0<=skoXC1]/\[[skoXC1<=1]/\[[pi<31415927/10000000]/\[[15707963/5000000<pi]/\[[0<=pi]/\[0<skoXC1]]]]]]]]]]]]].

% In SMTLib2 format:
(declare-fun metit_our_pi () Real) (declare-fun skoXC1 () Real) (assert (and (> (* metit_our_pi (/ 1. 2.)) skoXC1) (and (> (* skoXC1 (* skoXC1 4.)) (* metit_our_pi (+ (- 2.) metit_our_pi))) (and (> metit_our_pi 0.) (and (<= (* skoXC1 (* metit_our_pi (- 1.))) 0.) (and (> (* skoXC1 (* skoXC1 (- 4.))) (* metit_our_pi (* metit_our_pi (- 1.)))) (and (<= (* metit_our_pi (* metit_our_pi (- 1.))) 0.) (and (> metit_our_pi 0.) (and (<= 0. skoXC1) (and (<= skoXC1 1.) (and (> (/ 31415927. 10000000.) metit_our_pi) (and (> metit_our_pi (/ 15707963. 5000000.)) (and (<= 0. metit_our_pi) (> skoXC1 0.))))))))))))))

% In GRF format:
(sequent " MetiTarski formula " (antecedent (> (* metit_our_pi (/ 1. 2.)) skoXC1) (> (* skoXC1 (* skoXC1 4.)) (* metit_our_pi (+ (- 2.) metit_our_pi))) (> metit_our_pi 0.) (<= (* skoXC1 (* metit_our_pi (- 1.))) 0.) (> (* skoXC1 (* skoXC1 (- 4.))) (* metit_our_pi (* metit_our_pi (- 1.)))) (<= (* metit_our_pi (* metit_our_pi (- 1.))) 0.) (> metit_our_pi 0.) (<= 0. skoXC1) (<= skoXC1 1.) (> (/ 31415927. 10000000.) metit_our_pi) (> metit_our_pi (/ 15707963. 5000000.)) (<= 0. metit_our_pi)) (succedent (<= skoXC1 0.)))
-----[end problem]-----

-----[begin problem]-----
% In Mathematica format:
Timing[Resolve[Exists[{skoXC1}, And[Pi*(1/2)<=skoXC1,skoXC1*skoXC1*4<=Pi*(-2+Pi),Pi>0,skoXC1*Pi*-1<=0,skoXC1*skoXC1*-4>Pi*Pi*-1,Pi*Pi*-1<=0,Pi>0,0<=skoXC1,skoXC1<=1,(31415927/10000000)>Pi,Pi>(15707963/5000000),0<=Pi,skoXC1>0]], Reals]]

% In QepcadB format:
(E pi) (E skoXC1) [[(pi (1/2))<=skoXC1]/\[[(skoXC1 skoXC1 (4))<=(pi (-2+pi))]/\[[0<pi]/\[[(skoXC1 pi (-1))<=0]/\[[(pi pi (-1))<(skoXC1 skoXC1 (-4))]/\[[(pi pi (-1))<=0]/\[[0<pi]/\[[0<=skoXC1]/\[[skoXC1<=1]/\[[pi<31415927/10000000]/\[[15707963/5000000<pi]/\[[0<=pi]/\[0<skoXC1]]]]]]]]]]]]].

% In SMTLib2 format:
(declare-fun metit_our_pi () Real) (declare-fun skoXC1 () Real) (assert (and (<= (* metit_our_pi (/ 1. 2.)) skoXC1) (and (<= (* skoXC1 (* skoXC1 4.)) (* metit_our_pi (+ (- 2.) metit_our_pi))) (and (> metit_our_pi 0.) (and (<= (* skoXC1 (* metit_our_pi (- 1.))) 0.) (and (> (* skoXC1 (* skoXC1 (- 4.))) (* metit_our_pi (* metit_our_pi (- 1.)))) (and (<= (* metit_our_pi (* metit_our_pi (- 1.))) 0.) (and (> metit_our_pi 0.) (and (<= 0. skoXC1) (and (<= skoXC1 1.) (and (> (/ 31415927. 10000000.) metit_our_pi) (and (> metit_our_pi (/ 15707963. 5000000.)) (and (<= 0. metit_our_pi) (> skoXC1 0.))))))))))))))

% In GRF format:
(sequent " MetiTarski formula " (antecedent (<= (* metit_our_pi (/ 1. 2.)) skoXC1) (<= (* skoXC1 (* skoXC1 4.)) (* metit_our_pi (+ (- 2.) metit_our_pi))) (> metit_our_pi 0.) (<= (* skoXC1 (* metit_our_pi (- 1.))) 0.) (> (* skoXC1 (* skoXC1 (- 4.))) (* metit_our_pi (* metit_our_pi (- 1.)))) (<= (* metit_our_pi (* metit_our_pi (- 1.))) 0.) (> metit_our_pi 0.) (<= 0. skoXC1) (<= skoXC1 1.) (> (/ 31415927. 10000000.) metit_our_pi) (> metit_our_pi (/ 15707963. 5000000.)) (<= 0. metit_our_pi)) (succedent (<= skoXC1 0.)))
-----[end problem]-----

-----[begin problem]-----
% In Mathematica format:
Timing[Resolve[Exists[{skoXC1}, And[skoXC1*skoXC1*4<=Pi*(-2+Pi),Pi<=0,skoXC1*Pi*-1<=0,skoXC1*skoXC1*-4>Pi*Pi*-1,Pi*Pi*-1<=0,Pi>0,0<=skoXC1,skoXC1<=1,(31415927/10000000)>Pi,Pi>(15707963/5000000),0<=Pi,skoXC1>0]], Reals]]

% In QepcadB format:
(E pi) (E skoXC1) [[(skoXC1 skoXC1 (4))<=(pi (-2+pi))]/\[[pi<=0]/\[[(skoXC1 pi (-1))<=0]/\[[(pi pi (-1))<(skoXC1 skoXC1 (-4))]/\[[(pi pi (-1))<=0]/\[[0<pi]/\[[0<=skoXC1]/\[[skoXC1<=1]/\[[pi<31415927/10000000]/\[[15707963/5000000<pi]/\[[0<=pi]/\[0<skoXC1]]]]]]]]]]]].

% In SMTLib2 format:
(declare-fun metit_our_pi () Real) (declare-fun skoXC1 () Real) (assert (and (<= (* skoXC1 (* skoXC1 4.)) (* metit_our_pi (+ (- 2.) metit_our_pi))) (and (<= metit_our_pi 0.) (and (<= (* skoXC1 (* metit_our_pi (- 1.))) 0.) (and (> (* skoXC1 (* skoXC1 (- 4.))) (* metit_our_pi (* metit_our_pi (- 1.)))) (and (<= (* metit_our_pi (* metit_our_pi (- 1.))) 0.) (and (> metit_our_pi 0.) (and (<= 0. skoXC1) (and (<= skoXC1 1.) (and (> (/ 31415927. 10000000.) metit_our_pi) (and (> metit_our_pi (/ 15707963. 5000000.)) (and (<= 0. metit_our_pi) (> skoXC1 0.)))))))))))))

% In GRF format:
(sequent " MetiTarski formula " (antecedent (<= (* skoXC1 (* skoXC1 4.)) (* metit_our_pi (+ (- 2.) metit_our_pi))) (<= metit_our_pi 0.) (<= (* skoXC1 (* metit_our_pi (- 1.))) 0.) (> (* skoXC1 (* skoXC1 (- 4.))) (* metit_our_pi (* metit_our_pi (- 1.)))) (<= (* metit_our_pi (* metit_our_pi (- 1.))) 0.) (> metit_our_pi 0.) (<= 0. skoXC1) (<= skoXC1 1.) (> (/ 31415927. 10000000.) metit_our_pi) (> metit_our_pi (/ 15707963. 5000000.)) (<= 0. metit_our_pi)) (succedent (<= skoXC1 0.)))
-----[end problem]-----

-----[begin problem]-----
% In Mathematica format:
Timing[Resolve[Exists[{skoXC1}, And[0<=skoXC1,skoXC1*skoXC1*4>Pi*(-2+Pi),Pi>0,skoXC1*Pi*-1<=0,skoXC1*skoXC1*-4>Pi*Pi*-1,Pi*Pi*-1<=0,Pi>0,0<=skoXC1,skoXC1<=1,(31415927/10000000)>Pi,Pi>(15707963/5000000),0<=Pi,skoXC1>0]], Reals]]

% In QepcadB format:
(E pi) (E skoXC1) [[0<=skoXC1]/\[[(pi (-2+pi))<(skoXC1 skoXC1 (4))]/\[[0<pi]/\[[(skoXC1 pi (-1))<=0]/\[[(pi pi (-1))<(skoXC1 skoXC1 (-4))]/\[[(pi pi (-1))<=0]/\[[0<pi]/\[[0<=skoXC1]/\[[skoXC1<=1]/\[[pi<31415927/10000000]/\[[15707963/5000000<pi]/\[[0<=pi]/\[0<skoXC1]]]]]]]]]]]]].

% In SMTLib2 format:
(declare-fun metit_our_pi () Real) (declare-fun skoXC1 () Real) (assert (and (<= 0. skoXC1) (and (> (* skoXC1 (* skoXC1 4.)) (* metit_our_pi (+ (- 2.) metit_our_pi))) (and (> metit_our_pi 0.) (and (<= (* skoXC1 (* metit_our_pi (- 1.))) 0.) (and (> (* skoXC1 (* skoXC1 (- 4.))) (* metit_our_pi (* metit_our_pi (- 1.)))) (and (<= (* metit_our_pi (* metit_our_pi (- 1.))) 0.) (and (> metit_our_pi 0.) (and (<= 0. skoXC1) (and (<= skoXC1 1.) (and (> (/ 31415927. 10000000.) metit_our_pi) (and (> metit_our_pi (/ 15707963. 5000000.)) (and (<= 0. metit_our_pi) (> skoXC1 0.))))))))))))))

% In GRF format:
(sequent " MetiTarski formula " (antecedent (<= 0. skoXC1) (> (* skoXC1 (* skoXC1 4.)) (* metit_our_pi (+ (- 2.) metit_our_pi))) (> metit_our_pi 0.) (<= (* skoXC1 (* metit_our_pi (- 1.))) 0.) (> (* skoXC1 (* skoXC1 (- 4.))) (* metit_our_pi (* metit_our_pi (- 1.)))) (<= (* metit_our_pi (* metit_our_pi (- 1.))) 0.) (> metit_our_pi 0.) (<= 0. skoXC1) (<= skoXC1 1.) (> (/ 31415927. 10000000.) metit_our_pi) (> metit_our_pi (/ 15707963. 5000000.)) (<= 0. metit_our_pi)) (succedent (<= skoXC1 0.)))
-----[end problem]-----

-----[begin problem]-----
% In Mathematica format:
Timing[Resolve[Exists[{skoXC1}, And[skoXC1*skoXC1*4>Pi*(-2+Pi),skoXC1*Pi*-1<=0,skoXC1*skoXC1*-4>Pi*Pi*-1,Pi*Pi*-1<=0,Pi>0,0<=skoXC1,skoXC1<=1,(31415927/10000000)>Pi,Pi>(15707963/5000000),0<=Pi,skoXC1>0]], Reals]]

% In QepcadB format:
(E pi) (E skoXC1) [[(pi (-2+pi))<(skoXC1 skoXC1 (4))]/\[[(skoXC1 pi (-1))<=0]/\[[(pi pi (-1))<(skoXC1 skoXC1 (-4))]/\[[(pi pi (-1))<=0]/\[[0<pi]/\[[0<=skoXC1]/\[[skoXC1<=1]/\[[pi<31415927/10000000]/\[[15707963/5000000<pi]/\[[0<=pi]/\[0<skoXC1]]]]]]]]]]].

% In SMTLib2 format:
(declare-fun metit_our_pi () Real) (declare-fun skoXC1 () Real) (assert (and (> (* skoXC1 (* skoXC1 4.)) (* metit_our_pi (+ (- 2.) metit_our_pi))) (and (<= (* skoXC1 (* metit_our_pi (- 1.))) 0.) (and (> (* skoXC1 (* skoXC1 (- 4.))) (* metit_our_pi (* metit_our_pi (- 1.)))) (and (<= (* metit_our_pi (* metit_our_pi (- 1.))) 0.) (and (> metit_our_pi 0.) (and (<= 0. skoXC1) (and (<= skoXC1 1.) (and (> (/ 31415927. 10000000.) metit_our_pi) (and (> metit_our_pi (/ 15707963. 5000000.)) (and (<= 0. metit_our_pi) (> skoXC1 0.))))))))))))

% In GRF format:
(sequent " MetiTarski formula " (antecedent (> (* skoXC1 (* skoXC1 4.)) (* metit_our_pi (+ (- 2.) metit_our_pi))) (<= (* skoXC1 (* metit_our_pi (- 1.))) 0.) (> (* skoXC1 (* skoXC1 (- 4.))) (* metit_our_pi (* metit_our_pi (- 1.)))) (<= (* metit_our_pi (* metit_our_pi (- 1.))) 0.) (> metit_our_pi 0.) (<= 0. skoXC1) (<= skoXC1 1.) (> (/ 31415927. 10000000.) metit_our_pi) (> metit_our_pi (/ 15707963. 5000000.)) (<= 0. metit_our_pi)) (succedent (<= skoXC1 0.)))
-----[end problem]-----

-----[begin problem]-----
% In Mathematica format:
Timing[Resolve[Exists[{skoXC1}, And[Pi*Pi*-1<=0,skoXC1*skoXC1*4>Pi*(-2+Pi),skoXC1*Pi*-1<=0,skoXC1*skoXC1*-4>Pi*Pi*-1,Pi*Pi*-1<=0,Pi>0,0<=skoXC1,skoXC1<=1,(31415927/10000000)>Pi,Pi>(15707963/5000000),0<=Pi,skoXC1>0]], Reals]]

% In QepcadB format:
(E pi) (E skoXC1) [[(pi pi (-1))<=0]/\[[(pi (-2+pi))<(skoXC1 skoXC1 (4))]/\[[(skoXC1 pi (-1))<=0]/\[[(pi pi (-1))<(skoXC1 skoXC1 (-4))]/\[[(pi pi (-1))<=0]/\[[0<pi]/\[[0<=skoXC1]/\[[skoXC1<=1]/\[[pi<31415927/10000000]/\[[15707963/5000000<pi]/\[[0<=pi]/\[0<skoXC1]]]]]]]]]]]].

% In SMTLib2 format:
(declare-fun metit_our_pi () Real) (declare-fun skoXC1 () Real) (assert (and (<= (* metit_our_pi (* metit_our_pi (- 1.))) 0.) (and (> (* skoXC1 (* skoXC1 4.)) (* metit_our_pi (+ (- 2.) metit_our_pi))) (and (<= (* skoXC1 (* metit_our_pi (- 1.))) 0.) (and (> (* skoXC1 (* skoXC1 (- 4.))) (* metit_our_pi (* metit_our_pi (- 1.)))) (and (<= (* metit_our_pi (* metit_our_pi (- 1.))) 0.) (and (> metit_our_pi 0.) (and (<= 0. skoXC1) (and (<= skoXC1 1.) (and (> (/ 31415927. 10000000.) metit_our_pi) (and (> metit_our_pi (/ 15707963. 5000000.)) (and (<= 0. metit_our_pi) (> skoXC1 0.)))))))))))))

% In GRF format:
(sequent " MetiTarski formula " (antecedent (<= (* metit_our_pi (* metit_our_pi (- 1.))) 0.) (> (* skoXC1 (* skoXC1 4.)) (* metit_our_pi (+ (- 2.) metit_our_pi))) (<= (* skoXC1 (* metit_our_pi (- 1.))) 0.) (> (* skoXC1 (* skoXC1 (- 4.))) (* metit_our_pi (* metit_our_pi (- 1.)))) (<= (* metit_our_pi (* metit_our_pi (- 1.))) 0.) (> metit_our_pi 0.) (<= 0. skoXC1) (<= skoXC1 1.) (> (/ 31415927. 10000000.) metit_our_pi) (> metit_our_pi (/ 15707963. 5000000.)) (<= 0. metit_our_pi)) (succedent (<= skoXC1 0.)))
-----[end problem]-----

-----[begin problem]-----
% In Mathematica format:
Timing[Resolve[Exists[{skoXC1}, And[skoXC1*skoXC1*4>Pi*(-2+Pi),Pi>0,skoXC1*skoXC1*4>Pi*(-2+Pi),skoXC1*Pi*-1<=0,skoXC1*skoXC1*-4>Pi*Pi*-1,Pi*Pi*-1<=0,Pi>0,0<=skoXC1,skoXC1<=1,(31415927/10000000)>Pi,Pi>(15707963/5000000),0<=Pi,skoXC1>0]], Reals]]

% In QepcadB format:
(E pi) (E skoXC1) [[(pi (-2+pi))<(skoXC1 skoXC1 (4))]/\[[0<pi]/\[[(pi (-2+pi))<(skoXC1 skoXC1 (4))]/\[[(skoXC1 pi (-1))<=0]/\[[(pi pi (-1))<(skoXC1 skoXC1 (-4))]/\[[(pi pi (-1))<=0]/\[[0<pi]/\[[0<=skoXC1]/\[[skoXC1<=1]/\[[pi<31415927/10000000]/\[[15707963/5000000<pi]/\[[0<=pi]/\[0<skoXC1]]]]]]]]]]]]].

% In SMTLib2 format:
(declare-fun metit_our_pi () Real) (declare-fun skoXC1 () Real) (assert (and (> (* skoXC1 (* skoXC1 4.)) (* metit_our_pi (+ (- 2.) metit_our_pi))) (and (> metit_our_pi 0.) (and (> (* skoXC1 (* skoXC1 4.)) (* metit_our_pi (+ (- 2.) metit_our_pi))) (and (<= (* skoXC1 (* metit_our_pi (- 1.))) 0.) (and (> (* skoXC1 (* skoXC1 (- 4.))) (* metit_our_pi (* metit_our_pi (- 1.)))) (and (<= (* metit_our_pi (* metit_our_pi (- 1.))) 0.) (and (> metit_our_pi 0.) (and (<= 0. skoXC1) (and (<= skoXC1 1.) (and (> (/ 31415927. 10000000.) metit_our_pi) (and (> metit_our_pi (/ 15707963. 5000000.)) (and (<= 0. metit_our_pi) (> skoXC1 0.))))))))))))))

% In GRF format:
(sequent " MetiTarski formula " (antecedent (> (* skoXC1 (* skoXC1 4.)) (* metit_our_pi (+ (- 2.) metit_our_pi))) (> metit_our_pi 0.) (> (* skoXC1 (* skoXC1 4.)) (* metit_our_pi (+ (- 2.) metit_our_pi))) (<= (* skoXC1 (* metit_our_pi (- 1.))) 0.) (> (* skoXC1 (* skoXC1 (- 4.))) (* metit_our_pi (* metit_our_pi (- 1.)))) (<= (* metit_our_pi (* metit_our_pi (- 1.))) 0.) (> metit_our_pi 0.) (<= 0. skoXC1) (<= skoXC1 1.) (> (/ 31415927. 10000000.) metit_our_pi) (> metit_our_pi (/ 15707963. 5000000.)) (<= 0. metit_our_pi)) (succedent (<= skoXC1 0.)))
-----[end problem]-----

-----[begin problem]-----
% In Mathematica format:
Timing[Resolve[Exists[{skoXC1}, And[skoXC1*skoXC1*Pi*4<=Pi*Pi*Pi*2,skoXC1*skoXC1*4>Pi*(-2+Pi),skoXC1*Pi*-1<=0,skoXC1*skoXC1*-4>Pi*Pi*-1,Pi*Pi*-1<=0,Pi>0,0<=skoXC1,skoXC1<=1,(31415927/10000000)>Pi,Pi>(15707963/5000000),0<=Pi,skoXC1>0]], Reals]]

% In QepcadB format:
(E pi) (E skoXC1) [[(skoXC1 skoXC1 pi (4))<=(pi pi pi (2))]/\[[(pi (-2+pi))<(skoXC1 skoXC1 (4))]/\[[(skoXC1 pi (-1))<=0]/\[[(pi pi (-1))<(skoXC1 skoXC1 (-4))]/\[[(pi pi (-1))<=0]/\[[0<pi]/\[[0<=skoXC1]/\[[skoXC1<=1]/\[[pi<31415927/10000000]/\[[15707963/5000000<pi]/\[[0<=pi]/\[0<skoXC1]]]]]]]]]]]].

% In SMTLib2 format:
(declare-fun metit_our_pi () Real) (declare-fun skoXC1 () Real) (assert (and (<= (* skoXC1 (* skoXC1 (* metit_our_pi 4.))) (* metit_our_pi (* metit_our_pi (* metit_our_pi 2.)))) (and (> (* skoXC1 (* skoXC1 4.)) (* metit_our_pi (+ (- 2.) metit_our_pi))) (and (<= (* skoXC1 (* metit_our_pi (- 1.))) 0.) (and (> (* skoXC1 (* skoXC1 (- 4.))) (* metit_our_pi (* metit_our_pi (- 1.)))) (and (<= (* metit_our_pi (* metit_our_pi (- 1.))) 0.) (and (> metit_our_pi 0.) (and (<= 0. skoXC1) (and (<= skoXC1 1.) (and (> (/ 31415927. 10000000.) metit_our_pi) (and (> metit_our_pi (/ 15707963. 5000000.)) (and (<= 0. metit_our_pi) (> skoXC1 0.)))))))))))))

% In GRF format:
(sequent " MetiTarski formula " (antecedent (<= (* skoXC1 (* skoXC1 (* metit_our_pi 4.))) (* metit_our_pi (* metit_our_pi (* metit_our_pi 2.)))) (> (* skoXC1 (* skoXC1 4.)) (* metit_our_pi (+ (- 2.) metit_our_pi))) (<= (* skoXC1 (* metit_our_pi (- 1.))) 0.) (> (* skoXC1 (* skoXC1 (- 4.))) (* metit_our_pi (* metit_our_pi (- 1.)))) (<= (* metit_our_pi (* metit_our_pi (- 1.))) 0.) (> metit_our_pi 0.) (<= 0. skoXC1) (<= skoXC1 1.) (> (/ 31415927. 10000000.) metit_our_pi) (> metit_our_pi (/ 15707963. 5000000.)) (<= 0. metit_our_pi)) (succedent (<= skoXC1 0.)))
-----[end problem]-----

-----[begin problem]-----
% In Mathematica format:
Timing[Resolve[Exists[{skoXC1}, And[skoXC1*skoXC1*Pi*-4<=Pi*Pi*Pi*-2,skoXC1*skoXC1*4>Pi*(-2+Pi),skoXC1*Pi*-1<=0,skoXC1*skoXC1*-4>Pi*Pi*-1,Pi*Pi*-1<=0,Pi>0,0<=skoXC1,skoXC1<=1,(31415927/10000000)>Pi,Pi>(15707963/5000000),0<=Pi,skoXC1>0]], Reals]]

% In QepcadB format:
(E pi) (E skoXC1) [[(skoXC1 skoXC1 pi (-4))<=(pi pi pi (-2))]/\[[(pi (-2+pi))<(skoXC1 skoXC1 (4))]/\[[(skoXC1 pi (-1))<=0]/\[[(pi pi (-1))<(skoXC1 skoXC1 (-4))]/\[[(pi pi (-1))<=0]/\[[0<pi]/\[[0<=skoXC1]/\[[skoXC1<=1]/\[[pi<31415927/10000000]/\[[15707963/5000000<pi]/\[[0<=pi]/\[0<skoXC1]]]]]]]]]]]].

% In SMTLib2 format:
(declare-fun metit_our_pi () Real) (declare-fun skoXC1 () Real) (assert (and (<= (* skoXC1 (* skoXC1 (* metit_our_pi (- 4.)))) (* metit_our_pi (* metit_our_pi (* metit_our_pi (- 2.))))) (and (> (* skoXC1 (* skoXC1 4.)) (* metit_our_pi (+ (- 2.) metit_our_pi))) (and (<= (* skoXC1 (* metit_our_pi (- 1.))) 0.) (and (> (* skoXC1 (* skoXC1 (- 4.))) (* metit_our_pi (* metit_our_pi (- 1.)))) (and (<= (* metit_our_pi (* metit_our_pi (- 1.))) 0.) (and (> metit_our_pi 0.) (and (<= 0. skoXC1) (and (<= skoXC1 1.) (and (> (/ 31415927. 10000000.) metit_our_pi) (and (> metit_our_pi (/ 15707963. 5000000.)) (and (<= 0. metit_our_pi) (> skoXC1 0.)))))))))))))

% In GRF format:
(sequent " MetiTarski formula " (antecedent (<= (* skoXC1 (* skoXC1 (* metit_our_pi (- 4.)))) (* metit_our_pi (* metit_our_pi (* metit_our_pi (- 2.))))) (> (* skoXC1 (* skoXC1 4.)) (* metit_our_pi (+ (- 2.) metit_our_pi))) (<= (* skoXC1 (* metit_our_pi (- 1.))) 0.) (> (* skoXC1 (* skoXC1 (- 4.))) (* metit_our_pi (* metit_our_pi (- 1.)))) (<= (* metit_our_pi (* metit_our_pi (- 1.))) 0.) (> metit_our_pi 0.) (<= 0. skoXC1) (<= skoXC1 1.) (> (/ 31415927. 10000000.) metit_our_pi) (> metit_our_pi (/ 15707963. 5000000.)) (<= 0. metit_our_pi)) (succedent (<= skoXC1 0.)))
-----[end problem]-----

-----[begin problem]-----
% In Mathematica format:
Timing[Resolve[Exists[{skoXC1}, And[0<=Pi,skoXC1*skoXC1*4>Pi*(-2+Pi),skoXC1*Pi*-1<=0,skoXC1*skoXC1*-4>Pi*Pi*-1,Pi*Pi*-1<=0,Pi>0,0<=skoXC1,skoXC1<=1,(31415927/10000000)>Pi,Pi>(15707963/5000000),0<=Pi,skoXC1>0]], Reals]]

% In QepcadB format:
(E pi) (E skoXC1) [[0<=pi]/\[[(pi (-2+pi))<(skoXC1 skoXC1 (4))]/\[[(skoXC1 pi (-1))<=0]/\[[(pi pi (-1))<(skoXC1 skoXC1 (-4))]/\[[(pi pi (-1))<=0]/\[[0<pi]/\[[0<=skoXC1]/\[[skoXC1<=1]/\[[pi<31415927/10000000]/\[[15707963/5000000<pi]/\[[0<=pi]/\[0<skoXC1]]]]]]]]]]]].

% In SMTLib2 format:
(declare-fun metit_our_pi () Real) (declare-fun skoXC1 () Real) (assert (and (<= 0. metit_our_pi) (and (> (* skoXC1 (* skoXC1 4.)) (* metit_our_pi (+ (- 2.) metit_our_pi))) (and (<= (* skoXC1 (* metit_our_pi (- 1.))) 0.) (and (> (* skoXC1 (* skoXC1 (- 4.))) (* metit_our_pi (* metit_our_pi (- 1.)))) (and (<= (* metit_our_pi (* metit_our_pi (- 1.))) 0.) (and (> metit_our_pi 0.) (and (<= 0. skoXC1) (and (<= skoXC1 1.) (and (> (/ 31415927. 10000000.) metit_our_pi) (and (> metit_our_pi (/ 15707963. 5000000.)) (and (<= 0. metit_our_pi) (> skoXC1 0.)))))))))))))

% In GRF format:
(sequent " MetiTarski formula " (antecedent (<= 0. metit_our_pi) (> (* skoXC1 (* skoXC1 4.)) (* metit_our_pi (+ (- 2.) metit_our_pi))) (<= (* skoXC1 (* metit_our_pi (- 1.))) 0.) (> (* skoXC1 (* skoXC1 (- 4.))) (* metit_our_pi (* metit_our_pi (- 1.)))) (<= (* metit_our_pi (* metit_our_pi (- 1.))) 0.) (> metit_our_pi 0.) (<= 0. skoXC1) (<= skoXC1 1.) (> (/ 31415927. 10000000.) metit_our_pi) (> metit_our_pi (/ 15707963. 5000000.)) (<= 0. metit_our_pi)) (succedent (<= skoXC1 0.)))
-----[end problem]-----

-----[begin problem]-----
% In Mathematica format:
Timing[Resolve[Exists[{skoXC1}, And[skoXC1*skoXC1*Pi*(-8+Pi*8)>Pi*Pi*Pi*(-4+Pi*2),Pi>0,skoXC1*skoXC1*4>Pi*(-2+Pi),skoXC1*Pi*-1<=0,skoXC1*skoXC1*-4>Pi*Pi*-1,Pi*Pi*-1<=0,Pi>0,0<=skoXC1,skoXC1<=1,(31415927/10000000)>Pi,Pi>(15707963/5000000),0<=Pi,skoXC1>0]], Reals]]

% In QepcadB format:
(E pi) (E skoXC1) [[(pi pi pi (-4+(pi (2))))<(skoXC1 skoXC1 pi (-8+(pi (8))))]/\[[0<pi]/\[[(pi (-2+pi))<(skoXC1 skoXC1 (4))]/\[[(skoXC1 pi (-1))<=0]/\[[(pi pi (-1))<(skoXC1 skoXC1 (-4))]/\[[(pi pi (-1))<=0]/\[[0<pi]/\[[0<=skoXC1]/\[[skoXC1<=1]/\[[pi<31415927/10000000]/\[[15707963/5000000<pi]/\[[0<=pi]/\[0<skoXC1]]]]]]]]]]]]].

% In SMTLib2 format:
(declare-fun metit_our_pi () Real) (declare-fun skoXC1 () Real) (assert (and (> (* skoXC1 (* skoXC1 (* metit_our_pi (+ (- 8.) (* metit_our_pi 8.))))) (* metit_our_pi (* metit_our_pi (* metit_our_pi (+ (- 4.) (* metit_our_pi 2.)))))) (and (> metit_our_pi 0.) (and (> (* skoXC1 (* skoXC1 4.)) (* metit_our_pi (+ (- 2.) metit_our_pi))) (and (<= (* skoXC1 (* metit_our_pi (- 1.))) 0.) (and (> (* skoXC1 (* skoXC1 (- 4.))) (* metit_our_pi (* metit_our_pi (- 1.)))) (and (<= (* metit_our_pi (* metit_our_pi (- 1.))) 0.) (and (> metit_our_pi 0.) (and (<= 0. skoXC1) (and (<= skoXC1 1.) (and (> (/ 31415927. 10000000.) metit_our_pi) (and (> metit_our_pi (/ 15707963. 5000000.)) (and (<= 0. metit_our_pi) (> skoXC1 0.))))))))))))))

% In GRF format:
(sequent " MetiTarski formula " (antecedent (> (* skoXC1 (* skoXC1 (* metit_our_pi (+ (- 8.) (* metit_our_pi 8.))))) (* metit_our_pi (* metit_our_pi (* metit_our_pi (+ (- 4.) (* metit_our_pi 2.)))))) (> metit_our_pi 0.) (> (* skoXC1 (* skoXC1 4.)) (* metit_our_pi (+ (- 2.) metit_our_pi))) (<= (* skoXC1 (* metit_our_pi (- 1.))) 0.) (> (* skoXC1 (* skoXC1 (- 4.))) (* metit_our_pi (* metit_our_pi (- 1.)))) (<= (* metit_our_pi (* metit_our_pi (- 1.))) 0.) (> metit_our_pi 0.) (<= 0. skoXC1) (<= skoXC1 1.) (> (/ 31415927. 10000000.) metit_our_pi) (> metit_our_pi (/ 15707963. 5000000.)) (<= 0. metit_our_pi)) (succedent (<= skoXC1 0.)))
-----[end problem]-----

-----[begin problem]-----
% In Mathematica format:
Timing[Resolve[Exists[{skoXC1}, And[Pi*(1/2)<=skoXC1,Pi>0,skoXC1*skoXC1*4>Pi*(-2+Pi),skoXC1*Pi*-1<=0,skoXC1*skoXC1*-4>Pi*Pi*-1,Pi*Pi*-1<=0,Pi>0,0<=skoXC1,skoXC1<=1,(31415927/10000000)>Pi,Pi>(15707963/5000000),0<=Pi,skoXC1>0]], Reals]]

% In QepcadB format:
(E pi) (E skoXC1) [[(pi (1/2))<=skoXC1]/\[[0<pi]/\[[(pi (-2+pi))<(skoXC1 skoXC1 (4))]/\[[(skoXC1 pi (-1))<=0]/\[[(pi pi (-1))<(skoXC1 skoXC1 (-4))]/\[[(pi pi (-1))<=0]/\[[0<pi]/\[[0<=skoXC1]/\[[skoXC1<=1]/\[[pi<31415927/10000000]/\[[15707963/5000000<pi]/\[[0<=pi]/\[0<skoXC1]]]]]]]]]]]]].

% In SMTLib2 format:
(declare-fun metit_our_pi () Real) (declare-fun skoXC1 () Real) (assert (and (<= (* metit_our_pi (/ 1. 2.)) skoXC1) (and (> metit_our_pi 0.) (and (> (* skoXC1 (* skoXC1 4.)) (* metit_our_pi (+ (- 2.) metit_our_pi))) (and (<= (* skoXC1 (* metit_our_pi (- 1.))) 0.) (and (> (* skoXC1 (* skoXC1 (- 4.))) (* metit_our_pi (* metit_our_pi (- 1.)))) (and (<= (* metit_our_pi (* metit_our_pi (- 1.))) 0.) (and (> metit_our_pi 0.) (and (<= 0. skoXC1) (and (<= skoXC1 1.) (and (> (/ 31415927. 10000000.) metit_our_pi) (and (> metit_our_pi (/ 15707963. 5000000.)) (and (<= 0. metit_our_pi) (> skoXC1 0.))))))))))))))

% In GRF format:
(sequent " MetiTarski formula " (antecedent (<= (* metit_our_pi (/ 1. 2.)) skoXC1) (> metit_our_pi 0.) (> (* skoXC1 (* skoXC1 4.)) (* metit_our_pi (+ (- 2.) metit_our_pi))) (<= (* skoXC1 (* metit_our_pi (- 1.))) 0.) (> (* skoXC1 (* skoXC1 (- 4.))) (* metit_our_pi (* metit_our_pi (- 1.)))) (<= (* metit_our_pi (* metit_our_pi (- 1.))) 0.) (> metit_our_pi 0.) (<= 0. skoXC1) (<= skoXC1 1.) (> (/ 31415927. 10000000.) metit_our_pi) (> metit_our_pi (/ 15707963. 5000000.)) (<= 0. metit_our_pi)) (succedent (<= skoXC1 0.)))
-----[end problem]-----

